Arguments: 
  C:\Program Files\nodejs\node.exe C:\Program Files (x86)\Yarn\bin\yarn.js add @polymer/iron-dropdown

PATH: 
  C:\Users\spelkey\.babun\cygwin\usr\local\bin;C:\Users\spelkey\.babun\cygwin\bin;C:\Users\spelkey\.babun\cygwin\home\spelkey\.local\bin;C:\Program Files\Docker\Docker\Resources\bin;C:\ProgramData\Oracle\Java\javapath;C:\WINDOWS\system32;C:\WINDOWS;C:\WINDOWS\System32\Wbem;C:\WINDOWS\System32\WindowsPowerShell\v1.0;C:\Program Files (x86)\ATI Technologies\ATI.ACE\Core-Static;C:\Program Files\nodejs;C:\HashiCorp\Vagrant\bin;C:\Program Files (x86)\Yarn\bin;C:\Program Files\Git\cmd;C:\Users\spelkey\AppData\Local\Microsoft\WindowsApps;C:\Users\spelkey\AppData\Local\Continuum\anaconda3;C:\Users\spelkey\AppData\Local\Continuum\anaconda3\Scripts;C:\Users\spelkey\AppData\Roaming\npm;C:\Users\spelkey\AppData\Local\atom\bin;C:\Users\spelkey\.babun;C:\Users\spelkey\AppData\Local\Yarn\bin

Yarn version: 
  1.5.1

Node version: 
  8.9.2

Platform: 
  win32 x64

npm manifest: 
  {
    "name": "@ucd-lib/ucd-website-elements",
    "version": "1.0.0",
    "main": "index.js",
    "license": "MIT",
    "flat": true,
    "dependencies": {
      "@polymer/iron-ajax": "^3.0.0-pre.19",
      "@polymer/iron-icon": "^3.0.0-pre.19",
      "@polymer/iron-media-query": "^3.0.0-pre.19",
      "@polymer/iron-pages": "^3.0.0-pre.19",
      "@polymer/polymer": "^3.0.2",
      "@ucd-lib/cork-app-utils": "^3.1.0"
    }
  }

yarn manifest: 
  No manifest

Lockfile: 
  # THIS IS AN AUTOGENERATED FILE. DO NOT EDIT THIS FILE DIRECTLY.
  # yarn lockfile v1
  
  
  "@polymer/iron-ajax@^3.0.0-pre.19":
    version "3.0.0-pre.19"
    resolved "https://registry.yarnpkg.com/@polymer/iron-ajax/-/iron-ajax-3.0.0-pre.19.tgz#da36f24a67f609d741a7827e13b2789c81d8c8eb"
    dependencies:
      "@polymer/polymer" "^3.0.0"
  
  "@polymer/iron-flex-layout@^3.0.0-pre.19":
    version "3.0.0-pre.19"
    resolved "https://registry.yarnpkg.com/@polymer/iron-flex-layout/-/iron-flex-layout-3.0.0-pre.19.tgz#35f633ab4d4e14e44650722729128e4f5968c1e9"
    dependencies:
      "@polymer/polymer" "^3.0.0"
  
  "@polymer/iron-icon@^3.0.0-pre.19":
    version "3.0.0-pre.19"
    resolved "https://registry.yarnpkg.com/@polymer/iron-icon/-/iron-icon-3.0.0-pre.19.tgz#8fd150463a36d3851b2b71802ebc22d48dbfa340"
    dependencies:
      "@polymer/iron-flex-layout" "^3.0.0-pre.19"
      "@polymer/iron-meta" "^3.0.0-pre.19"
      "@polymer/polymer" "^3.0.0"
  
  "@polymer/iron-media-query@^3.0.0-pre.19":
    version "3.0.0-pre.19"
    resolved "https://registry.yarnpkg.com/@polymer/iron-media-query/-/iron-media-query-3.0.0-pre.19.tgz#f98271a879ead7aa6c37f7da6231b38c8f41deca"
    dependencies:
      "@polymer/polymer" "^3.0.0"
  
  "@polymer/iron-meta@^3.0.0-pre.19":
    version "3.0.0-pre.19"
    resolved "https://registry.yarnpkg.com/@polymer/iron-meta/-/iron-meta-3.0.0-pre.19.tgz#c4a70c235b87679f3487429ca69e071aacc3d002"
    dependencies:
      "@polymer/polymer" "^3.0.0"
  
  "@polymer/iron-pages@^3.0.0-pre.19":
    version "3.0.0-pre.19"
    resolved "https://registry.yarnpkg.com/@polymer/iron-pages/-/iron-pages-3.0.0-pre.19.tgz#98b00fbda39e06cdaf091a9dd61ef1fc371a4ed6"
    dependencies:
      "@polymer/iron-resizable-behavior" "^3.0.0-pre.19"
      "@polymer/iron-selector" "^3.0.0-pre.19"
      "@polymer/polymer" "^3.0.0"
  
  "@polymer/iron-resizable-behavior@^3.0.0-pre.19":
    version "3.0.0-pre.19"
    resolved "https://registry.yarnpkg.com/@polymer/iron-resizable-behavior/-/iron-resizable-behavior-3.0.0-pre.19.tgz#f36f4a11c48f07c55f4b0a77a9fb7827edf97fef"
    dependencies:
      "@polymer/polymer" "^3.0.0"
  
  "@polymer/iron-selector@^3.0.0-pre.19":
    version "3.0.0-pre.19"
    resolved "https://registry.yarnpkg.com/@polymer/iron-selector/-/iron-selector-3.0.0-pre.19.tgz#254156e1284a68db9f45ace6903e846c042f1242"
    dependencies:
      "@polymer/polymer" "^3.0.0"
  
  "@polymer/polymer@^3.0.0", "@polymer/polymer@^3.0.2":
    version "3.0.2"
    resolved "https://registry.yarnpkg.com/@polymer/polymer/-/polymer-3.0.2.tgz#626e6f9fae9716b0962ce0211e21df242153eab2"
    dependencies:
      "@webcomponents/shadycss" "^1.2.0"
  
  "@ucd-lib/cork-app-utils@^3.1.0":
    version "3.1.0"
    resolved "https://registry.yarnpkg.com/@ucd-lib/cork-app-utils/-/cork-app-utils-3.1.0.tgz#8f2ecfaf963ac8e2deee05dac4dfb888cfe21915"
    dependencies:
      fast-deep-equal "^1.1.0"
      fs-extra "^4.0.2"
      isomorphic-fetch "^2.2.1"
  
  "@webcomponents/shadycss@^1.2.0":
    version "1.2.1"
    resolved "https://registry.yarnpkg.com/@webcomponents/shadycss/-/shadycss-1.2.1.tgz#6e4a88534657807c8398b4bc196d0ca492182d54"
  
  encoding@^0.1.11:
    version "0.1.12"
    resolved "https://registry.yarnpkg.com/encoding/-/encoding-0.1.12.tgz#538b66f3ee62cd1ab51ec323829d1f9480c74beb"
    dependencies:
      iconv-lite "~0.4.13"
  
  fast-deep-equal@^1.1.0:
    version "1.1.0"
    resolved "https://registry.yarnpkg.com/fast-deep-equal/-/fast-deep-equal-1.1.0.tgz#c053477817c86b51daa853c81e059b733d023614"
  
  fs-extra@^4.0.2:
    version "4.0.3"
    resolved "https://registry.yarnpkg.com/fs-extra/-/fs-extra-4.0.3.tgz#0d852122e5bc5beb453fb028e9c0c9bf36340c94"
    dependencies:
      graceful-fs "^4.1.2"
      jsonfile "^4.0.0"
      universalify "^0.1.0"
  
  graceful-fs@^4.1.2, graceful-fs@^4.1.6:
    version "4.1.11"
    resolved "https://registry.yarnpkg.com/graceful-fs/-/graceful-fs-4.1.11.tgz#0e8bdfe4d1ddb8854d64e04ea7c00e2a026e5658"
  
  iconv-lite@~0.4.13:
    version "0.4.23"
    resolved "https://registry.yarnpkg.com/iconv-lite/-/iconv-lite-0.4.23.tgz#297871f63be507adcfbfca715d0cd0eed84e9a63"
    dependencies:
      safer-buffer ">= 2.1.2 < 3"
  
  is-stream@^1.0.1:
    version "1.1.0"
    resolved "https://registry.yarnpkg.com/is-stream/-/is-stream-1.1.0.tgz#12d4a3dd4e68e0b79ceb8dbc84173ae80d91ca44"
  
  isomorphic-fetch@^2.2.1:
    version "2.2.1"
    resolved "https://registry.yarnpkg.com/isomorphic-fetch/-/isomorphic-fetch-2.2.1.tgz#611ae1acf14f5e81f729507472819fe9733558a9"
    dependencies:
      node-fetch "^1.0.1"
      whatwg-fetch ">=0.10.0"
  
  jsonfile@^4.0.0:
    version "4.0.0"
    resolved "https://registry.yarnpkg.com/jsonfile/-/jsonfile-4.0.0.tgz#8771aae0799b64076b76640fca058f9c10e33ecb"
    optionalDependencies:
      graceful-fs "^4.1.6"
  
  node-fetch@^1.0.1:
    version "1.7.3"
    resolved "https://registry.yarnpkg.com/node-fetch/-/node-fetch-1.7.3.tgz#980f6f72d85211a5347c6b2bc18c5b84c3eb47ef"
    dependencies:
      encoding "^0.1.11"
      is-stream "^1.0.1"
  
  "safer-buffer@>= 2.1.2 < 3":
    version "2.1.2"
    resolved "https://registry.yarnpkg.com/safer-buffer/-/safer-buffer-2.1.2.tgz#44fa161b0187b9549dd84bb91802f9bd8385cd6a"
  
  universalify@^0.1.0:
    version "0.1.1"
    resolved "https://registry.yarnpkg.com/universalify/-/universalify-0.1.1.tgz#fa71badd4437af4c148841e3b3b165f9e9e590b7"
  
  whatwg-fetch@>=0.10.0:
    version "2.0.4"
    resolved "https://registry.yarnpkg.com/whatwg-fetch/-/whatwg-fetch-2.0.4.tgz#dde6a5df315f9d39991aa17621853d720b85566f"

Trace: 
  Error: Can't answer a question unless a user TTY
      at ConsoleReporter.select (C:\Program Files (x86)\Yarn\lib\cli.js:93133:59)
      at Add.<anonymous> (C:\Program Files (x86)\Yarn\lib\cli.js:22974:41)
      at Generator.next (<anonymous>)
      at step (C:\Program Files (x86)\Yarn\lib\cli.js:98:30)
      at C:\Program Files (x86)\Yarn\lib\cli.js:116:14
      at new Promise (<anonymous>)
      at new F (C:\Program Files (x86)\Yarn\lib\cli.js:23451:28)
      at Add.<anonymous> (C:\Program Files (x86)\Yarn\lib\cli.js:95:12)
      at Add.flatten (C:\Program Files (x86)\Yarn\lib\cli.js:23030:21)
      at C:\Program Files (x86)\Yarn\lib\cli.js:22792:52
